=== New capture session started ===
[2025-10-16 00:03:26] === Starting timed rolling capture ===
[2025-10-16 00:03:26] Interval: 10s, max_files: 5
[2025-10-16 00:03:26] Filter: tcp, iface: None
[2025-10-16 00:03:26] Output directory: C:\Kuliah\!sem 5\Peretasan Etis\app\tts\pcaps
[2025-10-16 00:03:26] Log file: C:\Kuliah\!sem 5\Peretasan Etis\app\tts\logs\capture.log
[2025-10-16 00:03:36] Saved pcap_1.pcap with 5 packets
[2025-10-16 00:03:36] Rotated to file index 1
[2025-10-16 00:03:46] Saved pcap_2.pcap with 7 packets
[2025-10-16 00:03:46] Rotated to file index 2
[2025-10-16 00:03:56] Saved pcap_3.pcap with 4 packets
[2025-10-16 00:03:56] Rotated to file index 3
[2025-10-16 00:04:06] Saved pcap_4.pcap with 3 packets
[2025-10-16 00:04:06] Rotated to file index 4
[2025-10-16 00:04:16] Saved pcap_5.pcap with 8 packets
[2025-10-16 00:04:16] Rotated to file index 0
[2025-10-16 00:04:26] Saved pcap_1.pcap with 7 packets
[2025-10-16 00:04:26] Rotated to file index 1
[2025-10-16 00:04:34] Stop signal received, flushing remaining packets.
[2025-10-16 00:04:34] Saved pcap_2.pcap with 2 packets
[2025-10-16 00:04:34] Capture stopped and all data saved.
