=== New analyzer session started ===
[2025-10-16 00:03:32] Loaded last processed capture: 2025-10-15T23:51:57.722522
[2025-10-16 00:03:32] Monitoring folder: C:\Kuliah\!sem 5\Peretasan Etis\app\tts\pcaps
[2025-10-16 00:03:32] Check interval: 10s
[2025-10-16 00:03:32] New capture detected: pcap_4.meta.json
[2025-10-16 00:03:32] Sending pcap_4.pcap to API
[2025-10-16 00:03:34] Received response for pcap_4.pcap
[2025-10-16 00:03:34] Saved response to response_20251016_000334.json
[2025-10-16 00:03:34] Recorded 1 new alerts
[2025-10-16 00:03:44] New capture detected: pcap_1.meta.json
[2025-10-16 00:03:44] Sending pcap_1.pcap to API
[2025-10-16 00:03:46] Received response for pcap_1.pcap
[2025-10-16 00:03:46] Saved response to response_20251016_000346.json
[2025-10-16 00:03:46] No abnormal connections detected
[2025-10-16 00:03:56] New capture detected: pcap_3.meta.json
[2025-10-16 00:03:56] Sending pcap_3.pcap to API
[2025-10-16 00:03:58] Received response for pcap_3.pcap
[2025-10-16 00:03:58] Saved response to response_20251016_000358.json
[2025-10-16 00:03:58] No abnormal connections detected
[2025-10-16 00:04:08] New capture detected: pcap_4.meta.json
[2025-10-16 00:04:08] Sending pcap_4.pcap to API
[2025-10-16 00:04:10] Received response for pcap_4.pcap
[2025-10-16 00:04:10] Saved response to response_20251016_000410.json
[2025-10-16 00:04:10] No abnormal connections detected
[2025-10-16 00:04:20] New capture detected: pcap_5.meta.json
[2025-10-16 00:04:20] Sending pcap_5.pcap to API
[2025-10-16 00:04:23] Received response for pcap_5.pcap
[2025-10-16 00:04:23] Saved response to response_20251016_000423.json
[2025-10-16 00:04:23] Recorded 1 new alerts
